<?xml version="1.0" encoding="UTF-8"?>
<testsuite xmlns:xsi="http://www.w3.org/2001/XMLSchema-instance" xsi:noNamespaceSchemaLocation="https://maven.apache.org/surefire/maven-surefire-plugin/xsd/surefire-test-report.xsd" name="TestSuite" time="4.498" tests="5" errors="0" skipped="0" failures="1">
  <properties>
[...]
</properties>
  <testcase name="ValidateCreateCustomerAPIWithInValidSecretKey" classname="com.w2a.APITestingFramework.testcases.CreateCustomerTest" time="1.983">
    <failure message="expected [200] but found [400]" type="java.lang.AssertionError">java.lang.AssertionError: expected [200] but found [400]
	at com.w2a.APITestingFramework.testcases.CreateCustomerTest.ValidateCreateCustomerAPIWithInValidSecretKey(CreateCustomerTest.java:40)
</failure>
    <system-out><![CDATA[Total rows are : 14
Total rows are : 14
Test name is : ValidateCreateCustomerAPIWithInValidSecretKey
Test name is : deleteCustomer
Test case starts from row num 8
No.of Test cases are : 1
Test case starts from row num 14
No.of Test cases are : 0
total cols are : 0
total cols are : 3
{
    "error": {
        "code": "email_invalid",
        "doc_url": "https://stripe.com/docs/error-codes/email-invalid",
        "message": "Invalid email address: greakesh@123@gmail.com",
        "param": "email",
        "type": "invalid_request_error"
    }
}
400
]]></system-out>
    <system-err><![CDATA[log4j:WARN No appenders could be found for logger (freemarker.cache).
log4j:WARN Please initialize the log4j system properly.
]]></system-err>
  </testcase>
  <testcase name="ValidateCreateCustomerAPIWithValidSecretKey" classname="com.w2a.APITestingFramework.testcases.CreateCustomerTest" time="0.694"/>
  <testcase name="ValidateCreateCustomerAPIWithValidSecretKey" classname="com.w2a.APITestingFramework.testcases.CreateCustomerTest" time="0.694"/>
  <testcase name="ValidateCreateCustomerAPIWithValidSecretKey" classname="com.w2a.APITestingFramework.testcases.CreateCustomerTest" time="0.695"/>
  <testcase name="ValidateCreateCustomerAPIWithValidSecretKey" classname="com.w2a.APITestingFramework.testcases.CreateCustomerTest" time="0.701"/>
</testsuite>