-------------------------------------------------------------------------------
Test set: TestSuite
-------------------------------------------------------------------------------
Tests run: 5, Failures: 1, Errors: 0, Skipped: 0, Time elapsed: 4.498 s <<< FAILURE! - in TestSuite
ValidateCreateCustomerAPIWithInValidSecretKey(com.w2a.APITestingFramework.testcases.CreateCustomerTest)  Time elapsed: 1.983 s  <<< FAILURE!
java.lang.AssertionError: expected [200] but found [400]
	at com.w2a.APITestingFramework.testcases.CreateCustomerTest.ValidateCreateCustomerAPIWithInValidSecretKey(CreateCustomerTest.java:40)

