<?xml version="1.0" encoding="UTF-8"?>
<!-- Generated by org.testng.reporters.JUnitXMLReporter -->
<testsuite ignored="0" hostname="LAPTOP-58M37A77" failures="1" tests="1" name="Delete Customer API Test" time="1.784" errors="0" timestamp="21 Sep 2021 09:11:15 GMT">
  <testcase classname="com.w2a.APITestingFramework.testcases.DeleteCustomerTest" name="deleteCustomer" time="1.735">
    <failure type="java.lang.AssertionError" message="ID key is not present in response expected [true] but found [false]">
      <![CDATA[java.lang.AssertionError: ID key is not present in response expected [true] but found [false]
	at com.w2a.APITestingFramework.testcases.DeleteCustomerTest.deleteCustomer(DeleteCustomerTest.java:40)
	at java.base/java.util.concurrent.FutureTask.run(FutureTask.java:264)
	at java.base/java.util.concurrent.Executors$RunnableAdapter.call(Executors.java:515)
	at java.base/java.util.concurrent.FutureTask.run(FutureTask.java:264)
	at java.base/java.util.concurrent.ThreadPoolExecutor.runWorker(ThreadPoolExecutor.java:1128)
	at java.base/java.util.concurrent.ThreadPoolExecutor$Worker.run(ThreadPoolExecutor.java:628)
	at java.base/java.lang.Thread.run(Thread.java:834)
... Removed 12 stack frames]]>
    </failure>
  </testcase> <!-- deleteCustomer -->
</testsuite> <!-- Delete Customer API Test -->
